2021-08-05 13:23:57,446 --- tutorial.helper - ERROR - This is an error
2021-08-05 13:23:57,451 --- tutorial.helper - ERROR - list index out of range
Traceback (most recent call last):
  File "/Volumes/HDD-Data/Users/jordi/PycharmProjects/tutorial/tutorial/helper.py", line 40, in <module>
    a[4]
IndexError: list index out of range
2021-08-05 13:23:57,452 --- tutorial.helper - ERROR - An exception occurred, Traceback (most recent call last):
  File "/Volumes/HDD-Data/Users/jordi/PycharmProjects/tutorial/tutorial/helper.py", line 46, in <module>
    a[4]
IndexError: list index out of range

2021-08-05 13:23:58,119 --- tutorial.helper - WARNING - This is a warning
2021-08-05 13:23:58,119 --- tutorial.helper - ERROR - This is an error
2021-08-05 13:23:58,124 --- tutorial.helper - ERROR - list index out of range
Traceback (most recent call last):
  File "/Volumes/HDD-Data/Users/jordi/PycharmProjects/tutorial/tutorial/helper.py", line 40, in <module>
    a[4]
IndexError: list index out of range
2021-08-05 13:23:58,125 --- tutorial.helper - ERROR - An exception occurred, Traceback (most recent call last):
  File "/Volumes/HDD-Data/Users/jordi/PycharmProjects/tutorial/tutorial/helper.py", line 46, in <module>
    a[4]
IndexError: list index out of range

2021-08-05 15:14:06,444 --- tutorial.helper - WARNING - This is a warning
2021-08-05 15:14:06,466 --- tutorial.helper - ERROR - This is an error
2021-08-05 15:14:06,481 --- tutorial.helper - ERROR - list index out of range
Traceback (most recent call last):
  File "/Volumes/HDD-Data/Users/jordi/PycharmProjects/tutorial/tutorial/helper.py", line 41, in <module>
    a[4]
IndexError: list index out of range
2021-08-05 15:14:06,482 --- tutorial.helper - ERROR - An exception occurred, Traceback (most recent call last):
  File "/Volumes/HDD-Data/Users/jordi/PycharmProjects/tutorial/tutorial/helper.py", line 47, in <module>
    a[4]
IndexError: list index out of range

